Wed, 01 Apr 2026 17:15:50 WARNING  pnl file is missing
Wed, 01 Apr 2026 17:15:50 WARNING  positions file is missing
Wed, 01 Apr 2026 17:15:50 WARNING  trades file is missing
Wed, 01 Apr 2026 17:15:50 WARNING  pnl file is missing
Wed, 01 Apr 2026 17:15:50 WARNING  positions file is missing
Wed, 01 Apr 2026 17:15:50 WARNING  trades file is missing
Wed, 01 Apr 2026 17:15:50 WARNING  pnl file is missing
Wed, 01 Apr 2026 17:15:50 WARNING  positions file is missing
Wed, 01 Apr 2026 17:15:50 WARNING  trades file is missing
Wed, 01 Apr 2026 17:15:50 INFO     pnl file found
Wed, 01 Apr 2026 17:15:50 INFO     positions file found
Wed, 01 Apr 2026 17:15:50 INFO     trades file found
Wed, 01 Apr 2026 17:15:50 INFO     pnl file has arrived on time
Wed, 01 Apr 2026 17:15:50 INFO     positions file has arrived on time
Wed, 01 Apr 2026 17:15:50 INFO     trades file has arrived on time
Wed, 01 Apr 2026 17:15:50 INFO     pnl file found
Wed, 01 Apr 2026 17:15:50 INFO     positions file found
Wed, 01 Apr 2026 17:15:50 INFO     trades file found
Wed, 01 Apr 2026 17:15:50 INFO     pnl file found
Wed, 01 Apr 2026 17:15:50 INFO     positions file found
Wed, 01 Apr 2026 17:15:50 INFO     trades file found
